Orchestra MMI/Temp/gradleOut/unityLibrary/build/outputs/logs/manifest-merger-debug-report.txt
-- Merging decision tree log ---
manifest
ADDED from src\main\AndroidManifest.xml:3:1-32:12
INJECTED from src\main\AndroidManifest.xml:3:1-32:12
INJECTED from src\main\AndroidManifest.xml:3:1-32:12
INJECTED from src\main\AndroidManifest.xml:3:1-32:12
INJECTED from src\main\AndroidManifest.xml:3:1-32:12
INJECTED from src\main\AndroidManifest.xml:3:1-32:12
INJECTED from src\main\AndroidManifest.xml:3:1-32:12
	package
		ADDED from src\main\AndroidManifest.xml:3:70-98
		INJECTED from src\main\AndroidManifest.xml
		INJECTED from src\main\AndroidManifest.xml
	android:versionName
		INJECTED from src\main\AndroidManifest.xml
		ADDED from src\main\AndroidManifest.xml:3:1-32:12
		INJECTED from src\main\AndroidManifest.xml
	xmlns:tools
		ADDED from src\main\AndroidManifest.xml:3:99-145
	android:versionCode
		INJECTED from src\main\AndroidManifest.xml
		ADDED from src\main\AndroidManifest.xml:3:1-32:12
		INJECTED from src\main\AndroidManifest.xml
	xmlns:android
		ADDED from src\main\AndroidManifest.xml:3:11-69
application
ADDED from src\main\AndroidManifest.xml:4:3-17:17
activity#com.unity3d.player.UnityPlayerActivity
ADDED from src\main\AndroidManifest.xml:5:5-11:16
	android:screenOrientation
		ADDED from src\main\AndroidManifest.xml:5:111-149
	android:launchMode
		ADDED from src\main\AndroidManifest.xml:5:150-181
	android:hardwareAccelerated
		ADDED from src\main\AndroidManifest.xml:5:399-434
	android:resizeableActivity
		ADDED from src\main\AndroidManifest.xml:5:364-398
	android:configChanges
		ADDED from src\main\AndroidManifest.xml:5:182-363
	android:theme
		ADDED from src\main\AndroidManifest.xml:5:69-110
	android:name
		ADDED from src\main\AndroidManifest.xml:5:15-68
intent-filter#action:name:android.intent.action.MAIN+category:name:android.intent.category.LAUNCHER
ADDED from src\main\AndroidManifest.xml:6:7-9:23
action#android.intent.action.MAIN
ADDED from src\main\AndroidManifest.xml:7:9-61
	android:name
		ADDED from src\main\AndroidManifest.xml:7:17-58
category#android.intent.category.LAUNCHER
ADDED from src\main\AndroidManifest.xml:8:9-69
	android:name
		ADDED from src\main\AndroidManifest.xml:8:19-66
meta-data#unityplayer.UnityActivity
ADDED from src\main\AndroidManifest.xml:10:7-82
	android:value
		ADDED from src\main\AndroidManifest.xml:10:59-79
	android:name
		ADDED from src\main\AndroidManifest.xml:10:18-58
meta-data#unity.splash-mode
ADDED from src\main\AndroidManifest.xml:12:5-69
	android:value
		ADDED from src\main\AndroidManifest.xml:12:49-66
	android:name
		ADDED from src\main\AndroidManifest.xml:12:16-48
meta-data#unity.splash-enable
ADDED from src\main\AndroidManifest.xml:13:5-74
	android:value
		ADDED from src\main\AndroidManifest.xml:13:51-71
	android:name
		ADDED from src\main\AndroidManifest.xml:13:16-50
meta-data#unity.launch-fullscreen
ADDED from src\main\AndroidManifest.xml:14:5-78
	android:value
		ADDED from src\main\AndroidManifest.xml:14:55-75
	android:name
		ADDED from src\main\AndroidManifest.xml:14:16-54
meta-data#unity.allow-resizable-window
ADDED from src\main\AndroidManifest.xml:15:5-84
	android:value
		ADDED from src\main\AndroidManifest.xml:15:60-81
	android:name
		ADDED from src\main\AndroidManifest.xml:15:16-59
meta-data#unity.build-id
ADDED from src\main\AndroidManifest.xml:16:5-101
	android:value
		ADDED from src\main\AndroidManifest.xml:16:46-98
	android:name
		ADDED from src\main\AndroidManifest.xml:16:16-45
uses-feature#0x00030000
ADDED from src\main\AndroidManifest.xml:18:3-52
	android:glEsVersion
		ADDED from src\main\AndroidManifest.xml:18:17-49
uses-feature#android.hardware.vulkan.version
ADDED from src\main\AndroidManifest.xml:19:3-91
	android:required
		ADDED from src\main\AndroidManifest.xml:19:64-88
	android:name
		ADDED from src\main\AndroidManifest.xml:19:17-63
uses-permission#android.permission.INTERNET
ADDED from src\main\AndroidManifest.xml:20:3-65
	android:name
		ADDED from src\main\AndroidManifest.xml:20:20-62
uses-permission#android.permission.ACCESS_FINE_LOCATION
ADDED from src\main\AndroidManifest.xml:21:3-77
	android:name
		ADDED from src\main\AndroidManifest.xml:21:20-74
uses-feature#android.hardware.location.gps
ADDED from src\main\AndroidManifest.xml:22:3-89
	android:required
		ADDED from src\main\AndroidManifest.xml:22:62-86
	android:name
		ADDED from src\main\AndroidManifest.xml:22:17-61
uses-feature#android.hardware.location
ADDED from src\main\AndroidManifest.xml:23:3-85
	android:required
		ADDED from src\main\AndroidManifest.xml:23:58-82
	android:name
		ADDED from src\main\AndroidManifest.xml:23:17-57
uses-permission#android.permission.RECORD_AUDIO
ADDED from src\main\AndroidManifest.xml:24:3-69
	android:name
		ADDED from src\main\AndroidManifest.xml:24:20-66
uses-permission#android.permission.MODIFY_AUDIO_SETTINGS
ADDED from src\main\AndroidManifest.xml:25:3-78
	android:name
		ADDED from src\main\AndroidManifest.xml:25:20-75
uses-permission#android.permission.BLUETOOTH
ADDED from src\main\AndroidManifest.xml:26:3-66
	android:name
		ADDED from src\main\AndroidManifest.xml:26:20-63
uses-feature#android.hardware.microphone
ADDED from src\main\AndroidManifest.xml:27:3-87
	android:required
		ADDED from src\main\AndroidManifest.xml:27:60-84
	android:name
		ADDED from src\main\AndroidManifest.xml:27:17-59
uses-feature#android.hardware.sensor.accelerometer
ADDED from src\main\AndroidManifest.xml:28:3-97
	android:required
		ADDED from src\main\AndroidManifest.xml:28:70-94
	android:name
		ADDED from src\main\AndroidManifest.xml:28:17-69
uses-feature#android.hardware.touchscreen
ADDED from src\main\AndroidManifest.xml:29:3-88
	android:required
		ADDED from src\main\AndroidManifest.xml:29:61-85
	android:name
		ADDED from src\main\AndroidManifest.xml:29:17-60
uses-feature#android.hardware.touchscreen.multitouch
ADDED from src\main\AndroidManifest.xml:30:3-99
	android:required
		ADDED from src\main\AndroidManifest.xml:30:72-96
	android:name
		ADDED from src\main\AndroidManifest.xml:30:17-71
uses-feature#android.hardware.touchscreen.multitouch.distinct
ADDED from src\main\AndroidManifest.xml:31:3-108
	android:required
		ADDED from src\main\AndroidManifest.xml:31:81-105
	android:name
		ADDED from src\main\AndroidManifest.xml:31:17-80
uses-sdk
INJECTED from src\main\AndroidManifest.xml reason: use-sdk injection requested
INJECTED from src\main\AndroidManifest.xml
INJECTED from src\main\AndroidManifest.xml
INJECTED from src\main\AndroidManifest.xml
INJECTED from src\main\AndroidManifest.xml
	android:targetSdkVersion
		INJECTED from src\main\AndroidManifest.xml
		ADDED from src\main\AndroidManifest.xml
		INJECTED from src\main\AndroidManifest.xml
	android:minSdkVersion
		INJECTED from src\main\AndroidManifest.xml
		ADDED from src\main\AndroidManifest.xml
		INJECTED from src\main\AndroidManifest.xml